<?xml version="1.0" encoding="UTF-8"?>
<!-- Generated by org.testng.reporters.JUnitXMLReporter -->
<testsuite hostname="DESKTOP-Q6H280O" ignored="0" name="ChromeTest" tests="4" failures="0" timestamp="2024-04-24T13:58:01 EDT" time="51.655" errors="0">
  <testcase name="signUpTest" time="5.935" classname="DemoBlaze.testCases.TestCase1"/>
  <testcase name="addtoCart" time="12.077" classname="DemoBlaze.testCases.TestCase2"/>
  <testcase name="purchase" time="0.33" classname="DemoBlaze.testCases.TestCase2"/>
  <testcase name="category" time="19.085" classname="DemoBlaze.testCases.TestCase3"/>
</testsuite> <!-- ChromeTest -->
