<?xml version="1.0" encoding="UTF-8"?>
<!-- Generated by org.testng.reporters.JUnitXMLReporter -->
<testsuite hostname="DESKTOP-Q6H280O" ignored="0" name="FirefoxTest" tests="4" failures="0" timestamp="2024-04-24T15:21:10 EDT" time="67.263" errors="0">
  <testcase name="signUpTest" time="11.403" classname="DemoBlaze.testCases.TestCase1"/>
  <testcase name="addtoCart" time="11.095" classname="DemoBlaze.testCases.TestCase2"/>
  <testcase name="purchase" time="0.305" classname="DemoBlaze.testCases.TestCase2"/>
  <testcase name="category" time="16.007" classname="DemoBlaze.testCases.TestCase3"/>
</testsuite> <!-- FirefoxTest -->
